0 info it worked if it ends with ok
1 verbose cli [ '/Users/nishide-koichi/.ndenv/versions/v6.9.1/bin/node',
1 verbose cli   '/Users/nishide-koichi/.ndenv/versions/v6.9.1/bin/npm',
1 verbose cli   'start' ]
2 info using npm@3.10.8
3 info using node@v6.9.1
4 verbose run-script [ 'prestart', 'start', 'poststart' ]
5 info lifecycle counter@1.0.0~prestart: counter@1.0.0
6 silly lifecycle counter@1.0.0~prestart: no script for prestart, continuing
7 info lifecycle counter@1.0.0~start: counter@1.0.0
8 verbose lifecycle counter@1.0.0~start: unsafe-perm in lifecycle true
9 verbose lifecycle counter@1.0.0~start: PATH: /Users/nishide-koichi/.ndenv/versions/v6.9.1/lib/node_modules/npm/bin/node-gyp-bin:/Users/nishide-koichi/workspace/jest-tutorial/counter/node_modules/.bin:/Users/nishide-koichi/.ndenv/versions/v6.9.1/bin:/Users/nishide-koichi/.ndenv/libexec:/Users/nishide-koichi/.ndenv/plugins/node-build/bin:/Users/nishide-koichi/google-cloud-sdk/bin:/Users/nishide-koichi/.embulk/bin:/Users/nishide-koichi/bin:/Users/nishide-koichi/.rbenv/shims:/Users/nishide-koichi/.ndenv/shims:/usr/local/opt/mysql@5.7/bin:/Users/nishide-koichi/bin:/Users/nishide-koichi/.ndenv/bin:/Users/nishide-koichi/.nodebrew/current/bin:/Users/ichiko/.rbenv/shims:/usr/local/bin:/usr/bin:/bin:/usr/sbin:/sbin:/usr/local/share/google/google-cloud-sdk/bin/:/Users/nishide-koichi/.go/bin:/Users/nishide-koichi/.go/bin
10 verbose lifecycle counter@1.0.0~start: CWD: /Users/nishide-koichi/workspace/jest-tutorial/counter
11 silly lifecycle counter@1.0.0~start: Args: [ '-c', 'react-scripts start' ]
12 info lifecycle counter@1.0.0~start: Failed to exec start script
13 verbose stack Error: counter@1.0.0 start: `react-scripts start`
13 verbose stack spawn ENOENT
13 verbose stack     at ChildProcess.<anonymous> (/Users/nishide-koichi/.ndenv/versions/v6.9.1/lib/node_modules/npm/lib/utils/spawn.js:33:16)
13 verbose stack     at emitTwo (events.js:106:13)
13 verbose stack     at ChildProcess.emit (events.js:191:7)
13 verbose stack     at maybeClose (internal/child_process.js:877:16)
13 verbose stack     at Process.ChildProcess._handle.onexit (internal/child_process.js:226:5)
14 verbose pkgid counter@1.0.0
15 verbose cwd /Users/nishide-koichi/workspace/jest-tutorial/counter
16 error Darwin 16.7.0
17 error argv "/Users/nishide-koichi/.ndenv/versions/v6.9.1/bin/node" "/Users/nishide-koichi/.ndenv/versions/v6.9.1/bin/npm" "start"
18 error node v6.9.1
19 error npm  v3.10.8
20 error file sh
21 error code ELIFECYCLE
22 error errno ENOENT
23 error syscall spawn
24 error counter@1.0.0 start: `react-scripts start`
24 error spawn ENOENT
25 error Failed at the counter@1.0.0 start script 'react-scripts start'.
25 error Make sure you have the latest version of node.js and npm installed.
25 error If you do, this is most likely a problem with the counter package,
25 error not with npm itself.
25 error Tell the author that this fails on your system:
25 error     react-scripts start
25 error You can get information on how to open an issue for this project with:
25 error     npm bugs counter
25 error Or if that isn't available, you can get their info via:
25 error     npm owner ls counter
25 error There is likely additional logging output above.
26 verbose exit [ 1, true ]
